COMP,1510,An,Intro,Prgrm,Scientific,C,1400,1450,C,2004,F,W,M,0900,1200,CS,1019,T,
COMP,1700,Intro,Computer,Science,1200,1250,EN,1051,F,W,M,1400,1700,CS,1019,F,
COMP,1710,Object-Orient,Prgrm,I,0900,0950,EN,1054,F,W,M,1400,1700,CS,1019,M,
COMP,2000,Collaborative,&,Emergent,Bh,0900,1015,EN,1002,R,T,1400,1700,CS,1019,T,
COMP,2710,Object-Orient,Prgm,II,1100,1150,EN,1052,F,W,M,1400,1700,CS,1019,R,
COMP,2711,Intro,to,Algorithms&Data,Struc,1300,1350,EN,1003,R,T,M,0900,1200,CS,1019,R,
COMP,2718,Dev,Tools,,Worl,Flows,&,Cnc,0900,0950,EN,1051,F,W,M,1400,1700,C,2003,M,
COMP,2742,Logic,for,Computer,Science,1200,1250,EN,1052,F,W,M,
COMP,3710,Vocational,Languages,1000,1050,EN,1051,F,W,M,
COMP,3715,Network,Comp/WEB,Applicatio,1030,1145,EN,1052,R,T,
COMP,3718,Programming,in,the,SMALL,1200,1250,EN,1051,R,T,
COMP,3719,Theory,of,Cmptn,and,Algorit,1500,1550,EN,1051,F,W,M,
COMP,3724,Computer,Organization,0900,1015,EN,1052,R,T,
COMP,3725,Comp,Archit,&,Oper,Systs,1400,1515,EN,1054,R,T,
COMP,4751,Computer,Graphics,1500,1550,EN,1052,F,W,M,
COMP,4754,Database,Systems,1400,1515,EN,1051,R,T,
COMP,4756,Image,Processing,0900,1015,EN,1051,R,T,
COMP,4766,Introduction,of,Auton,Robot,1230,1345,EN,1052,R,T,
COMP,4768,Software,Dev.,for,Mble,Devi,1400,1450,EN,1052,F,W,M,1530,1700,EN,1066,T,
COMP,4770,Team,Project,0900,1030,EN,2036,F,W,M,
